ERROR main interpreter.MyInterpreter - 
java.lang.NullPointerException
	at java.util.HashMap.merge(HashMap.java:1225)
	at java.util.stream.Collectors.lambda$toMap$58(Collectors.java:1320)
	at java.util.stream.ReduceOps$3ReducingSink.accept(ReduceOps.java:169)
	at java.util.stream.ReferencePipeline$2$1.accept(ReferencePipeline.java:175)
	at java.util.HashMap$EntrySpliterator.forEachRemaining(HashMap.java:1699)
	at java.util.stream.AbstractPipeline.copyInto(AbstractPipeline.java:481)
	at java.util.stream.AbstractPipeline.wrapAndCopyInto(AbstractPipeline.java:471)
	at java.util.stream.ReduceOps$ReduceOp.evaluateSequential(ReduceOps.java:708)
	at java.util.stream.AbstractPipeline.evaluate(AbstractPipeline.java:234)
	at java.util.stream.ReferencePipeline.collect(ReferencePipeline.java:499)
	at interpreter.Util.determineUnChangedStructVariablesFor(Util.java:81)
	at interpreter.visitor.struct.StructVisitorImpl.visit(StructVisitorImpl.java:65)
	at interpreter.visitor.struct.StructVisitorImpl.visit(StructVisitorImpl.java:132)
	at interpreter.ast.statement.struct.StructDeclarationStatement.accept(StructDeclarationStatement.java:32)
	at interpreter.visitor.struct.StructVisitorImpl.visit(StructVisitorImpl.java:27)
	at interpreter.visitor.VisitorVisitor.visit(VisitorVisitor.java:45)
	at interpreter.ast.statement.struct.StructDeclarationStatement.accept(StructDeclarationStatement.java:27)
	at interpreter.visitor.EvalVisitor.visit(EvalVisitor.java:58)
	at interpreter.ast.statement.StatementList.accept(StatementList.java:26)
	at interpreter.visitor.EvalVisitor.visit(EvalVisitor.java:32)
	at interpreter.visitor.VisitorVisitor.visit(VisitorVisitor.java:75)
	at interpreter.ast.statement.StatementList.accept(StatementList.java:21)
	at interpreter.visitor.function.FunctionVisitorImpl.visit(FunctionVisitorImpl.java:115)
	at interpreter.ast.expression.function.FunctionCall.accept(FunctionCall.java:24)
	at interpreter.visitor.function.FunctionVisitorImpl.visit(FunctionVisitorImpl.java:29)
	at interpreter.visitor.VisitorVisitor.visit(VisitorVisitor.java:33)
	at interpreter.MyInterpreter.main(MyInterpreter.java:41)
INFO main interpreter.MyInterpreter - 163 total function call...
ERROR main interpreter.MyInterpreter - 
java.lang.NullPointerException
	at java.util.HashMap.merge(HashMap.java:1225)
	at java.util.stream.Collectors.lambda$toMap$58(Collectors.java:1320)
	at java.util.stream.ReduceOps$3ReducingSink.accept(ReduceOps.java:169)
	at java.util.stream.ReferencePipeline$2$1.accept(ReferencePipeline.java:175)
	at java.util.HashMap$EntrySpliterator.forEachRemaining(HashMap.java:1699)
	at java.util.stream.AbstractPipeline.copyInto(AbstractPipeline.java:481)
	at java.util.stream.AbstractPipeline.wrapAndCopyInto(AbstractPipeline.java:471)
	at java.util.stream.ReduceOps$ReduceOp.evaluateSequential(ReduceOps.java:708)
	at java.util.stream.AbstractPipeline.evaluate(AbstractPipeline.java:234)
	at java.util.stream.ReferencePipeline.collect(ReferencePipeline.java:499)
	at interpreter.Util.determineUnChangedStructVariablesFor(Util.java:81)
	at interpreter.visitor.struct.StructVisitorImpl.visit(StructVisitorImpl.java:65)
	at interpreter.visitor.struct.StructVisitorImpl.visit(StructVisitorImpl.java:132)
	at interpreter.ast.statement.struct.StructDeclarationStatement.accept(StructDeclarationStatement.java:32)
	at interpreter.visitor.struct.StructVisitorImpl.visit(StructVisitorImpl.java:27)
	at interpreter.visitor.VisitorVisitor.visit(VisitorVisitor.java:45)
	at interpreter.ast.statement.struct.StructDeclarationStatement.accept(StructDeclarationStatement.java:27)
	at interpreter.visitor.EvalVisitor.visit(EvalVisitor.java:58)
	at interpreter.ast.statement.StatementList.accept(StatementList.java:26)
	at interpreter.visitor.EvalVisitor.visit(EvalVisitor.java:32)
	at interpreter.visitor.VisitorVisitor.visit(VisitorVisitor.java:75)
	at interpreter.ast.statement.StatementList.accept(StatementList.java:21)
	at interpreter.visitor.function.FunctionVisitorImpl.visit(FunctionVisitorImpl.java:115)
	at interpreter.ast.expression.function.FunctionCall.accept(FunctionCall.java:24)
	at interpreter.visitor.function.FunctionVisitorImpl.visit(FunctionVisitorImpl.java:29)
	at interpreter.visitor.VisitorVisitor.visit(VisitorVisitor.java:33)
	at interpreter.MyInterpreter.main(MyInterpreter.java:41)
ERROR main interpreter.MyInterpreter - 
java.lang.NullPointerException
	at java.util.HashMap.merge(HashMap.java:1225)
	at java.util.stream.Collectors.lambda$toMap$58(Collectors.java:1320)
	at java.util.stream.ReduceOps$3ReducingSink.accept(ReduceOps.java:169)
	at java.util.stream.ReferencePipeline$2$1.accept(ReferencePipeline.java:175)
	at java.util.HashMap$EntrySpliterator.forEachRemaining(HashMap.java:1699)
	at java.util.stream.AbstractPipeline.copyInto(AbstractPipeline.java:481)
	at java.util.stream.AbstractPipeline.wrapAndCopyInto(AbstractPipeline.java:471)
	at java.util.stream.ReduceOps$ReduceOp.evaluateSequential(ReduceOps.java:708)
	at java.util.stream.AbstractPipeline.evaluate(AbstractPipeline.java:234)
	at java.util.stream.ReferencePipeline.collect(ReferencePipeline.java:499)
	at interpreter.Util.determineUnChangedStructVariablesFor(Util.java:81)
	at interpreter.visitor.struct.StructVisitorImpl.visit(StructVisitorImpl.java:65)
	at interpreter.visitor.struct.StructVisitorImpl.visit(StructVisitorImpl.java:132)
	at interpreter.ast.statement.struct.StructDeclarationStatement.accept(StructDeclarationStatement.java:32)
	at interpreter.visitor.struct.StructVisitorImpl.visit(StructVisitorImpl.java:27)
	at interpreter.visitor.VisitorVisitor.visit(VisitorVisitor.java:45)
	at interpreter.ast.statement.struct.StructDeclarationStatement.accept(StructDeclarationStatement.java:27)
	at interpreter.visitor.EvalVisitor.visit(EvalVisitor.java:58)
	at interpreter.ast.statement.StatementList.accept(StatementList.java:26)
	at interpreter.visitor.EvalVisitor.visit(EvalVisitor.java:32)
	at interpreter.visitor.VisitorVisitor.visit(VisitorVisitor.java:75)
	at interpreter.ast.statement.StatementList.accept(StatementList.java:21)
	at interpreter.visitor.function.FunctionVisitorImpl.visit(FunctionVisitorImpl.java:115)
	at interpreter.ast.expression.function.FunctionCall.accept(FunctionCall.java:24)
	at interpreter.visitor.function.FunctionVisitorImpl.visit(FunctionVisitorImpl.java:29)
	at interpreter.visitor.VisitorVisitor.visit(VisitorVisitor.java:33)
	at interpreter.MyInterpreter.main(MyInterpreter.java:41)
ERROR main interpreter.MyInterpreter - 
java.lang.NullPointerException
	at java.util.HashMap.merge(HashMap.java:1225)
	at java.util.stream.Collectors.lambda$toMap$58(Collectors.java:1320)
	at java.util.stream.ReduceOps$3ReducingSink.accept(ReduceOps.java:169)
	at java.util.stream.ReferencePipeline$2$1.accept(ReferencePipeline.java:175)
	at java.util.HashMap$EntrySpliterator.forEachRemaining(HashMap.java:1699)
	at java.util.stream.AbstractPipeline.copyInto(AbstractPipeline.java:481)
	at java.util.stream.AbstractPipeline.wrapAndCopyInto(AbstractPipeline.java:471)
	at java.util.stream.ReduceOps$ReduceOp.evaluateSequential(ReduceOps.java:708)
	at java.util.stream.AbstractPipeline.evaluate(AbstractPipeline.java:234)
	at java.util.stream.ReferencePipeline.collect(ReferencePipeline.java:499)
	at interpreter.Util.determineUnChangedStructVariablesFor(Util.java:81)
	at interpreter.visitor.struct.StructVisitorImpl.visit(StructVisitorImpl.java:65)
	at interpreter.visitor.struct.StructVisitorImpl.visit(StructVisitorImpl.java:132)
	at interpreter.ast.statement.struct.StructDeclarationStatement.accept(StructDeclarationStatement.java:32)
	at interpreter.visitor.struct.StructVisitorImpl.visit(StructVisitorImpl.java:27)
	at interpreter.visitor.VisitorVisitor.visit(VisitorVisitor.java:45)
	at interpreter.ast.statement.struct.StructDeclarationStatement.accept(StructDeclarationStatement.java:27)
	at interpreter.visitor.EvalVisitor.visit(EvalVisitor.java:58)
	at interpreter.ast.statement.StatementList.accept(StatementList.java:26)
	at interpreter.visitor.EvalVisitor.visit(EvalVisitor.java:32)
	at interpreter.visitor.VisitorVisitor.visit(VisitorVisitor.java:75)
	at interpreter.ast.statement.StatementList.accept(StatementList.java:21)
	at interpreter.visitor.function.FunctionVisitorImpl.visit(FunctionVisitorImpl.java:115)
	at interpreter.ast.expression.function.FunctionCall.accept(FunctionCall.java:24)
	at interpreter.visitor.function.FunctionVisitorImpl.visit(FunctionVisitorImpl.java:29)
	at interpreter.visitor.VisitorVisitor.visit(VisitorVisitor.java:33)
	at interpreter.MyInterpreter.main(MyInterpreter.java:41)
INFO main interpreter.MyInterpreter - 164 total function call...
INFO main interpreter.MyInterpreter - 165 total function call...
INFO main interpreter.MyInterpreter - 165 total function call...
INFO main interpreter.MyInterpreter - 165 total function call...
INFO main interpreter.MyInterpreter - 165 total function call...
INFO main interpreter.MyInterpreter - 165 total function call...
INFO main interpreter.MyInterpreter - 165 total function call...
INFO main interpreter.MyInterpreter - 165 total function call...
INFO main interpreter.MyInterpreter - 165 total function call...
INFO main interpreter.MyInterpreter - 165 total function call...
INFO main interpreter.MyInterpreter - 165 total function call...
INFO main interpreter.MyInterpreter - 1 total function call...
INFO main interpreter.MyInterpreter - 1 total function call...
INFO main interpreter.MyInterpreter - 1 total function call...
INFO main interpreter.MyInterpreter - 1 total function call...
ERROR main interpreter.MyInterpreter - 
java.lang.NullPointerException
	at interpreter.visitor._switch.SwitchVisitorImpl.visit(SwitchVisitorImpl.java:81)
	at interpreter.ast.statement._switch.LabelBlock.accept(LabelBlock.java:31)
	at interpreter.visitor._switch.SwitchVisitorImpl.visit(SwitchVisitorImpl.java:18)
	at interpreter.ast.statement._switch.LabelBlock.accept(LabelBlock.java:26)
	at interpreter.visitor._switch.SwitchVisitorImpl.visit(SwitchVisitorImpl.java:52)
	at interpreter.ast.statement._switch.SwitchBlock.accept(SwitchBlock.java:48)
	at interpreter.visitor._switch.SwitchVisitorImpl.visit(SwitchVisitorImpl.java:18)
	at interpreter.ast.statement._switch.SwitchBlock.accept(SwitchBlock.java:43)
	at interpreter.visitor._switch.SwitchVisitorImpl.visit(SwitchVisitorImpl.java:72)
	at interpreter.ast.statement._switch.SwitchStatement.accept(SwitchStatement.java:30)
	at interpreter.visitor._switch.SwitchVisitorImpl.visit(SwitchVisitorImpl.java:18)
	at interpreter.visitor.VisitorVisitor.visit(VisitorVisitor.java:23)
	at interpreter.ast.statement._switch.SwitchStatement.accept(SwitchStatement.java:24)
	at interpreter.visitor.function.FunctionVisitorImpl.visit(FunctionVisitorImpl.java:114)
	at interpreter.ast.expression.function.FunctionCall.accept(FunctionCall.java:24)
	at interpreter.visitor.function.FunctionVisitorImpl.visit(FunctionVisitorImpl.java:29)
	at interpreter.visitor.VisitorVisitor.visit(VisitorVisitor.java:33)
	at interpreter.ast.expression.function.FunctionCall.accept(FunctionCall.java:29)
	at interpreter.visitor.EvalVisitor.visit(EvalVisitor.java:97)
	at interpreter.ast.expression.UnaryExpression.accept(UnaryExpression.java:28)
	at interpreter.visitor.EvalVisitor.visit(EvalVisitor.java:27)
	at interpreter.ast.expression.UnaryExpression.accept(UnaryExpression.java:23)
	at interpreter.visitor.EvalVisitor.visit(EvalVisitor.java:166)
	at interpreter.ast.statement.ExpressionStatement.accept(ExpressionStatement.java:27)
	at interpreter.visitor.EvalVisitor.visit(EvalVisitor.java:32)
	at interpreter.visitor.VisitorVisitor.visit(VisitorVisitor.java:75)
	at interpreter.ast.statement.ExpressionStatement.accept(ExpressionStatement.java:22)
	at interpreter.visitor.EvalVisitor.visit(EvalVisitor.java:57)
	at interpreter.ast.statement.StatementList.accept(StatementList.java:26)
	at interpreter.visitor.EvalVisitor.visit(EvalVisitor.java:32)
	at interpreter.visitor.VisitorVisitor.visit(VisitorVisitor.java:75)
	at interpreter.ast.statement.StatementList.accept(StatementList.java:21)
	at interpreter.visitor.EvalVisitor.visit(EvalVisitor.java:82)
	at interpreter.ast.statement.StatementList.accept(StatementList.java:26)
	at interpreter.visitor.EvalVisitor.visit(EvalVisitor.java:32)
	at interpreter.visitor.VisitorVisitor.visit(VisitorVisitor.java:75)
	at interpreter.ast.statement.StatementList.accept(StatementList.java:21)
	at interpreter.visitor.EvalVisitor.visit(EvalVisitor.java:82)
	at interpreter.ast.statement.StatementList.accept(StatementList.java:26)
	at interpreter.visitor.EvalVisitor.visit(EvalVisitor.java:32)
	at interpreter.visitor.VisitorVisitor.visit(VisitorVisitor.java:75)
	at interpreter.ast.statement.StatementList.accept(StatementList.java:21)
	at interpreter.visitor.function.FunctionVisitorImpl.visit(FunctionVisitorImpl.java:114)
	at interpreter.ast.expression.function.FunctionCall.accept(FunctionCall.java:24)
	at interpreter.visitor.function.FunctionVisitorImpl.visit(FunctionVisitorImpl.java:29)
	at interpreter.visitor.VisitorVisitor.visit(VisitorVisitor.java:33)
	at interpreter.MyInterpreter.main(MyInterpreter.java:40)
ERROR main interpreter.MyInterpreter - 
java.lang.NullPointerException
	at interpreter.visitor._switch.SwitchVisitorImpl.visit(SwitchVisitorImpl.java:81)
	at interpreter.ast.statement._switch.LabelBlock.accept(LabelBlock.java:31)
	at interpreter.visitor._switch.SwitchVisitorImpl.visit(SwitchVisitorImpl.java:18)
	at interpreter.ast.statement._switch.LabelBlock.accept(LabelBlock.java:26)
	at interpreter.visitor._switch.SwitchVisitorImpl.visit(SwitchVisitorImpl.java:52)
	at interpreter.ast.statement._switch.SwitchBlock.accept(SwitchBlock.java:48)
	at interpreter.visitor._switch.SwitchVisitorImpl.visit(SwitchVisitorImpl.java:18)
	at interpreter.ast.statement._switch.SwitchBlock.accept(SwitchBlock.java:43)
	at interpreter.visitor._switch.SwitchVisitorImpl.visit(SwitchVisitorImpl.java:72)
	at interpreter.ast.statement._switch.SwitchStatement.accept(SwitchStatement.java:30)
	at interpreter.visitor._switch.SwitchVisitorImpl.visit(SwitchVisitorImpl.java:18)
	at interpreter.visitor.VisitorVisitor.visit(VisitorVisitor.java:23)
	at interpreter.ast.statement._switch.SwitchStatement.accept(SwitchStatement.java:24)
	at interpreter.visitor.function.FunctionVisitorImpl.visit(FunctionVisitorImpl.java:114)
	at interpreter.ast.expression.function.FunctionCall.accept(FunctionCall.java:24)
	at interpreter.visitor.function.FunctionVisitorImpl.visit(FunctionVisitorImpl.java:29)
	at interpreter.visitor.VisitorVisitor.visit(VisitorVisitor.java:33)
	at interpreter.ast.expression.function.FunctionCall.accept(FunctionCall.java:29)
	at interpreter.visitor.EvalVisitor.visit(EvalVisitor.java:97)
	at interpreter.ast.expression.UnaryExpression.accept(UnaryExpression.java:28)
	at interpreter.visitor.EvalVisitor.visit(EvalVisitor.java:27)
	at interpreter.ast.expression.UnaryExpression.accept(UnaryExpression.java:23)
	at interpreter.visitor.EvalVisitor.visit(EvalVisitor.java:166)
	at interpreter.ast.statement.ExpressionStatement.accept(ExpressionStatement.java:27)
	at interpreter.visitor.EvalVisitor.visit(EvalVisitor.java:32)
	at interpreter.visitor.VisitorVisitor.visit(VisitorVisitor.java:75)
	at interpreter.ast.statement.ExpressionStatement.accept(ExpressionStatement.java:22)
	at interpreter.visitor.EvalVisitor.visit(EvalVisitor.java:57)
	at interpreter.ast.statement.StatementList.accept(StatementList.java:26)
	at interpreter.visitor.EvalVisitor.visit(EvalVisitor.java:32)
	at interpreter.visitor.VisitorVisitor.visit(VisitorVisitor.java:75)
	at interpreter.ast.statement.StatementList.accept(StatementList.java:21)
	at interpreter.visitor.EvalVisitor.visit(EvalVisitor.java:82)
	at interpreter.ast.statement.StatementList.accept(StatementList.java:26)
	at interpreter.visitor.EvalVisitor.visit(EvalVisitor.java:32)
	at interpreter.visitor.VisitorVisitor.visit(VisitorVisitor.java:75)
	at interpreter.ast.statement.StatementList.accept(StatementList.java:21)
	at interpreter.visitor.EvalVisitor.visit(EvalVisitor.java:82)
	at interpreter.ast.statement.StatementList.accept(StatementList.java:26)
	at interpreter.visitor.EvalVisitor.visit(EvalVisitor.java:32)
	at interpreter.visitor.VisitorVisitor.visit(VisitorVisitor.java:75)
	at interpreter.ast.statement.StatementList.accept(StatementList.java:21)
	at interpreter.visitor.function.FunctionVisitorImpl.visit(FunctionVisitorImpl.java:114)
	at interpreter.ast.expression.function.FunctionCall.accept(FunctionCall.java:24)
	at interpreter.visitor.function.FunctionVisitorImpl.visit(FunctionVisitorImpl.java:29)
	at interpreter.visitor.VisitorVisitor.visit(VisitorVisitor.java:33)
	at interpreter.MyInterpreter.main(MyInterpreter.java:40)
INFO main interpreter.MyInterpreter - 1 total function call...
INFO main interpreter.MyInterpreter - 1 total function call...
INFO main interpreter.MyInterpreter - 1 total function call...
ERROR main interpreter.MyInterpreter - Encountered " <ID> "a "" at line 36, column 14.
Was expecting one of:
    "true" ...
    "false" ...
    <INTCONST> ...
    <DOUBLECONST> ...
    <STRCONST> ...
    
javacc.ParseException: Encountered " <ID> "a "" at line 36, column 14.
Was expecting one of:
    "true" ...
    "false" ...
    <INTCONST> ...
    <DOUBLECONST> ...
    <STRCONST> ...
    
	at javacc.Parser.generateParseException(Parser.java:2952)
	at javacc.Parser.jj_consume_token(Parser.java:2833)
	at javacc.Parser.constantExpression(Parser.java:1644)
	at javacc.Parser.labelBlock(Parser.java:963)
	at javacc.Parser.switchBlock(Parser.java:938)
	at javacc.Parser.switchStatement(Parser.java:925)
	at javacc.Parser.selectionStatement(Parser.java:877)
	at javacc.Parser.statement(Parser.java:634)
	at javacc.Parser.statementList(Parser.java:579)
	at javacc.Parser.compoundStatement(Parser.java:555)
	at javacc.Parser.functionDefinition(Parser.java:114)
	at javacc.Parser.globalScopeUnit(Parser.java:90)
	at javacc.Parser.start(Parser.java:43)
	at interpreter.MyInterpreter.main(MyInterpreter.java:29)
INFO main interpreter.MyInterpreter - 1 total function call...
INFO main interpreter.MyInterpreter - 165 total function call...
